# JRE version: OpenJDK Runtime Environment Temurin-21.0.10+7 (21.0.10+7) (build 21.0.10+7-LTS)
# Java VM: OpenJDK 64-Bit Server VM Temurin-21.0.10+7 (21.0.10+7-LTS, mixed mode, sharing, tiered, compressed oops, compressed class ptrs, parallel gc, windows-amd64)
GC Precious Log:
 CardTable entry size: 512
 CPUs: 8 total, 8 available
 Memory: 7979M
 Large Page Support: Disabled
 NUMA Support: Disabled
 Compressed Oops: Enabled (32-bit)
 Alignments: Space 512K, Generation 512K, Heap 2M
 Heap Min Capacity: 100M
 Heap Initial Capacity: 100M
 Heap Max Capacity: 2G
 Pre-touch: Disabled
 Parallel Workers: 8
Heap:
 PSYoungGen      total 4608K, used 1180K [0x00000000d5580000, 0x00000000d5b00000, 0x0000000100000000)
  eden space 4096K, 24% used [0x00000000d5580000,0x00000000d567f1a0,0x00000000d5980000)
  from space 512K, 31% used [0x00000000d5980000,0x00000000d59a8000,0x00000000d5a00000)
  to   space 512K, 0% used [0x00000000d5a80000,0x00000000d5a80000,0x00000000d5b00000)
 ParOldGen       total 453632K, used 453137K [0x0000000080000000, 0x000000009bb00000, 0x00000000d5580000)
  object space 453632K, 99% used [0x0000000080000000,0x000000009ba84548,0x000000009bb00000)
 Metaspace       used 76229K, committed 77888K, reserved 1179648K
  class space    used 8009K, committed 8768K, reserved 1048576K
GC Heap History (20 events):
Event: 1012.820 GC heap before
{Heap before GC invocations=1231 (full 3):
 PSYoungGen      total 4608K, used 4370K [0x00000000d5580000, 0x00000000d5a80000, 0x0000000100000000)
  eden space 4096K, 100% used [0x00000000d5580000,0x00000000d5980000,0x00000000d5980000)
  from space 512K, 53% used [0x00000000d5980000,0x00000000d59c4a58,0x00000000d5a00000)
  to   space 512K, 0% used [0x00000000d5a00000,0x00000000d5a00000,0x00000000d5a80000)
 ParOldGen       total 452096K, used 451741K [0x0000000080000000, 0x000000009b980000, 0x00000000d5580000)
  object space 452096K, 99% used [0x0000000080000000,0x000000009b927780,0x000000009b980000)
 Metaspace       used 76194K, committed 77888K, reserved 1179648K
  class space    used 8009K, committed 8768K, reserved 1048576K
}
Event: 1012.823 GC heap after
{Heap after GC invocations=1231 (full 3):
 PSYoungGen      total 4608K, used 236K [0x00000000d5580000, 0x00000000d5a80000, 0x0000000100000000)
  eden space 4096K, 0% used [0x00000000d5580000,0x00000000d5580000,0x00000000d5980000)
  from space 512K, 46% used [0x00000000d5a00000,0x00000000d5a3b138,0x00000000d5a80000)
  to   space 512K, 0% used [0x00000000d5980000,0x00000000d5980000,0x00000000d5a00000)
 ParOldGen       total 452096K, used 451861K [0x0000000080000000, 0x000000009b980000, 0x00000000d5580000)
  object space 452096K, 99% used [0x0000000080000000,0x000000009b945780,0x000000009b980000)
 Metaspace       used 76194K, committed 77888K, reserved 1179648K
  class space    used 8009K, committed 8768K, reserved 1048576K
}
Event: 1012.845 GC heap before
{Heap before GC invocations=1232 (full 3):
 PSYoungGen      total 4608K, used 4229K [0x00000000d5580000, 0x00000000d5a80000, 0x0000000100000000)
  eden space 4096K, 97% used [0x00000000d5580000,0x00000000d5966558,0x00000000d5980000)
  from space 512K, 46% used [0x00000000d5a00000,0x00000000d5a3b138,0x00000000d5a80000)
  to   space 512K, 0% used [0x00000000d5980000,0x00000000d5980000,0x00000000d5a00000)
 ParOldGen       total 452096K, used 451861K [0x0000000080000000, 0x000000009b980000, 0x00000000d5580000)
  object space 452096K, 99% used [0x0000000080000000,0x000000009b945780,0x000000009b980000)
 Metaspace       used 76194K, committed 77888K, reserved 1179648K
  class space    used 8009K, committed 8768K, reserved 1048576K
}
Event: 1012.847 GC heap after
{Heap after GC invocations=1232 (full 3):
 PSYoungGen      total 4608K, used 224K [0x00000000d5580000, 0x00000000d5a80000, 0x0000000100000000)
  eden space 4096K, 0% used [0x00000000d5580000,0x00000000d5580000,0x00000000d5980000)
  from space 512K, 43% used [0x00000000d5980000,0x00000000d59b8000,0x00000000d5a00000)
  to   space 512K, 0% used [0x00000000d5a00000,0x00000000d5a00000,0x00000000d5a80000)
 ParOldGen       total 452096K, used 451917K [0x0000000080000000, 0x000000009b980000, 0x00000000d5580000)
  object space 452096K, 99% used [0x0000000080000000,0x000000009b953780,0x000000009b980000)
 Metaspace       used 76194K, committed 77888K, reserved 1179648K
  class space    used 8009K, committed 8768K, reserved 1048576K
}
Event: 1012.854 GC heap before
{Heap before GC invocations=1233 (full 3):
 PSYoungGen      total 4608K, used 4320K [0x00000000d5580000, 0x00000000d5a80000, 0x0000000100000000)
  eden space 4096K, 100% used [0x00000000d5580000,0x00000000d5980000,0x00000000d5980000)
  from space 512K, 43% used [0x00000000d5980000,0x00000000d59b8000,0x00000000d5a00000)
  to   space 512K, 0% used [0x00000000d5a00000,0x00000000d5a00000,0x00000000d5a80000)
 ParOldGen       total 452096K, used 451917K [0x0000000080000000, 0x000000009b980000, 0x00000000d5580000)
  object space 452096K, 99% used [0x0000000080000000,0x000000009b953780,0x000000009b980000)
 Metaspace       used 76194K, committed 77888K, reserved 1179648K
  class space    used 8009K, committed 8768K, reserved 1048576K
}
Event: 1012.856 GC heap after
{Heap after GC invocations=1233 (full 3):
 PSYoungGen      total 4608K, used 297K [0x00000000d5580000, 0x00000000d5a80000, 0x0000000100000000)
  eden space 4096K, 0% used [0x00000000d5580000,0x00000000d5580000,0x00000000d5980000)
  from space 512K, 58% used [0x00000000d5a00000,0x00000000d5a4a778,0x00000000d5a80000)
  to   space 512K, 0% used [0x00000000d5980000,0x00000000d5980000,0x00000000d5a00000)
 ParOldGen       total 452096K, used 452013K [0x0000000080000000, 0x000000009b980000, 0x00000000d5580000)
  object space 452096K, 99% used [0x0000000080000000,0x000000009b96b780,0x000000009b980000)
 Metaspace       used 76194K, committed 77888K, reserved 1179648K
  class space    used 8009K, committed 8768K, reserved 1048576K
}
Event: 1012.870 GC heap before
{Heap before GC invocations=1234 (full 3):
 PSYoungGen      total 4608K, used 4393K [0x00000000d5580000, 0x00000000d5a80000, 0x0000000100000000)
  eden space 4096K, 100% used [0x00000000d5580000,0x00000000d5980000,0x00000000d5980000)
  from space 512K, 58% used [0x00000000d5a00000,0x00000000d5a4a778,0x00000000d5a80000)
  to   space 512K, 0% used [0x00000000d5980000,0x00000000d5980000,0x00000000d5a00000)
 ParOldGen       total 452096K, used 452013K [0x0000000080000000, 0x000000009b980000, 0x00000000d5580000)
  object space 452096K, 99% used [0x0000000080000000,0x000000009b96b780,0x000000009b980000)
 Metaspace       used 76194K, committed 77888K, reserved 1179648K
  class space    used 8009K, committed 8768K, reserved 1048576K
}
Event: 1012.873 GC heap after
{Heap after GC invocations=1234 (full 3):
 PSYoungGen      total 4608K, used 256K [0x00000000d5580000, 0x00000000d5a80000, 0x0000000100000000)
  eden space 4096K, 0% used [0x00000000d5580000,0x00000000d5580000,0x00000000d5980000)
  from space 512K, 50% used [0x00000000d5980000,0x00000000d59c0000,0x00000000d5a00000)
  to   space 512K, 0% used [0x00000000d5a00000,0x00000000d5a00000,0x00000000d5a80000)
 ParOldGen       total 452608K, used 452109K [0x0000000080000000, 0x000000009ba00000, 0x00000000d5580000)
  object space 452608K, 99% used [0x0000000080000000,0x000000009b983780,0x000000009ba00000)
 Metaspace       used 76194K, committed 77888K, reserved 1179648K
  class space    used 8009K, committed 8768K, reserved 1048576K
}
Event: 1012.885 GC heap before
{Heap before GC invocations=1235 (full 3):
 PSYoungGen      total 4608K, used 4352K [0x00000000d5580000, 0x00000000d5a80000, 0x0000000100000000)
  eden space 4096K, 100% used [0x00000000d5580000,0x00000000d5980000,0x00000000d5980000)
  from space 512K, 50% used [0x00000000d5980000,0x00000000d59c0000,0x00000000d5a00000)
  to   space 512K, 0% used [0x00000000d5a00000,0x00000000d5a00000,0x00000000d5a80000)
 ParOldGen       total 452608K, used 452109K [0x0000000080000000, 0x000000009ba00000, 0x00000000d5580000)
  object space 452608K, 99% used [0x0000000080000000,0x000000009b983780,0x000000009ba00000)
 Metaspace       used 76194K, committed 77888K, reserved 1179648K
  class space    used 8009K, committed 8768K, reserved 1048576K
}
Event: 1012.887 GC heap after
{Heap after GC invocations=1235 (full 3):
 PSYoungGen      total 4608K, used 291K [0x00000000d5580000, 0x00000000d5a80000, 0x0000000100000000)
  eden space 4096K, 0% used [0x00000000d5580000,0x00000000d5580000,0x00000000d5980000)
  from space 512K, 56% used [0x00000000d5a00000,0x00000000d5a48df8,0x00000000d5a80000)
  to   space 512K, 0% used [0x00000000d5980000,0x00000000d5980000,0x00000000d5a00000)
 ParOldGen       total 452608K, used 452202K [0x0000000080000000, 0x000000009ba00000, 0x00000000d5580000)
  object space 452608K, 99% used [0x0000000080000000,0x000000009b99aad8,0x000000009ba00000)
 Metaspace       used 76194K, committed 77888K, reserved 1179648K
  class space    used 8009K, committed 8768K, reserved 1048576K
}
Event: 1012.909 GC heap before
{Heap before GC invocations=1236 (full 3):
 PSYoungGen      total 4608K, used 4387K [0x00000000d5580000, 0x00000000d5a80000, 0x0000000100000000)
  eden space 4096K, 100% used [0x00000000d5580000,0x00000000d5980000,0x00000000d5980000)
  from space 512K, 56% used [0x00000000d5a00000,0x00000000d5a48df8,0x00000000d5a80000)
  to   space 512K, 0% used [0x00000000d5980000,0x00000000d5980000,0x00000000d5a00000)
 ParOldGen       total 452608K, used 452202K [0x0000000080000000, 0x000000009ba00000, 0x00000000d5580000)
  object space 452608K, 99% used [0x0000000080000000,0x000000009b99aad8,0x000000009ba00000)
 Metaspace       used 76194K, committed 77888K, reserved 1179648K
  class space    used 8009K, committed 8768K, reserved 1048576K
}
Event: 1012.912 GC heap after
{Heap after GC invocations=1236 (full 3):
 PSYoungGen      total 4608K, used 224K [0x00000000d5580000, 0x00000000d5a80000, 0x0000000100000000)
  eden space 4096K, 0% used [0x00000000d5580000,0x00000000d5580000,0x00000000d5980000)
  from space 512K, 43% used [0x00000000d5980000,0x00000000d59b8000,0x00000000d5a00000)
  to   space 512K, 0% used [0x00000000d5a00000,0x00000000d5a00000,0x00000000d5a80000)
 ParOldGen       total 452608K, used 452266K [0x0000000080000000, 0x000000009ba00000, 0x00000000d5580000)
  object space 452608K, 99% used [0x0000000080000000,0x000000009b9aaad8,0x000000009ba00000)
 Metaspace       used 76194K, committed 77888K, reserved 1179648K
  class space    used 8009K, committed 8768K, reserved 1048576K
}
Event: 1012.967 GC heap before
{Heap before GC invocations=1237 (full 3):
 PSYoungGen      total 4608K, used 4320K [0x00000000d5580000, 0x00000000d5a80000, 0x0000000100000000)
  eden space 4096K, 100% used [0x00000000d5580000,0x00000000d5980000,0x00000000d5980000)
  from space 512K, 43% used [0x00000000d5980000,0x00000000d59b8000,0x00000000d5a00000)
  to   space 512K, 0% used [0x00000000d5a00000,0x00000000d5a00000,0x00000000d5a80000)
 ParOldGen       total 452608K, used 452266K [0x0000000080000000, 0x000000009ba00000, 0x00000000d5580000)
  object space 452608K, 99% used [0x0000000080000000,0x000000009b9aaad8,0x000000009ba00000)
 Metaspace       used 76194K, committed 77888K, reserved 1179648K
  class space    used 8009K, committed 8768K, reserved 1048576K
}
Event: 1012.971 GC heap after
{Heap after GC invocations=1237 (full 3):
 PSYoungGen      total 4608K, used 372K [0x00000000d5580000, 0x00000000d5a80000, 0x0000000100000000)
  eden space 4096K, 0% used [0x00000000d5580000,0x00000000d5580000,0x00000000d5980000)
  from space 512K, 72% used [0x00000000d5a00000,0x00000000d5a5d200,0x00000000d5a80000)
  to   space 512K, 0% used [0x00000000d5980000,0x00000000d5980000,0x00000000d5a00000)
 ParOldGen       total 452608K, used 452346K [0x0000000080000000, 0x000000009ba00000, 0x00000000d5580000)
  object space 452608K, 99% used [0x0000000080000000,0x000000009b9bead8,0x000000009ba00000)
 Metaspace       used 76194K, committed 77888K, reserved 1179648K
  class space    used 8009K, committed 8768K, reserved 1048576K
}
Event: 1013.316 GC heap before
{Heap before GC invocations=1238 (full 3):
 PSYoungGen      total 4608K, used 4468K [0x00000000d5580000, 0x00000000d5a80000, 0x0000000100000000)
  eden space 4096K, 100% used [0x00000000d5580000,0x00000000d5980000,0x00000000d5980000)
  from space 512K, 72% used [0x00000000d5a00000,0x00000000d5a5d200,0x00000000d5a80000)
  to   space 512K, 0% used [0x00000000d5980000,0x00000000d5980000,0x00000000d5a00000)
 ParOldGen       total 452608K, used 452346K [0x0000000080000000, 0x000000009ba00000, 0x00000000d5580000)
  object space 452608K, 99% used [0x0000000080000000,0x000000009b9bead8,0x000000009ba00000)
 Metaspace       used 76207K, committed 77888K, reserved 1179648K
  class space    used 8009K, committed 8768K, reserved 1048576K
}
Event: 1013.331 GC heap after
{Heap after GC invocations=1238 (full 3):
 PSYoungGen      total 4608K, used 512K [0x00000000d5580000, 0x00000000d5b80000, 0x0000000100000000)
  eden space 4096K, 0% used [0x00000000d5580000,0x00000000d5580000,0x00000000d5980000)
  from space 512K, 100% used [0x00000000d5980000,0x00000000d5a00000,0x00000000d5a00000)
  to   space 1024K, 0% used [0x00000000d5a80000,0x00000000d5a80000,0x00000000d5b80000)
 ParOldGen       total 452608K, used 452490K [0x0000000080000000, 0x000000009ba00000, 0x00000000d5580000)
  object space 452608K, 99% used [0x0000000080000000,0x000000009b9e2ad8,0x000000009ba00000)
 Metaspace       used 76207K, committed 77888K, reserved 1179648K
  class space    used 8009K, committed 8768K, reserved 1048576K
}
Event: 1013.496 GC heap before
{Heap before GC invocations=1239 (full 3):
 PSYoungGen      total 4608K, used 4542K [0x00000000d5580000, 0x00000000d5b80000, 0x0000000100000000)
  eden space 4096K, 98% used [0x00000000d5580000,0x00000000d596fae8,0x00000000d5980000)
  from space 512K, 100% used [0x00000000d5980000,0x00000000d5a00000,0x00000000d5a00000)
  to   space 1024K, 0% used [0x00000000d5a80000,0x00000000d5a80000,0x00000000d5b80000)
 ParOldGen       total 452608K, used 452490K [0x0000000080000000, 0x000000009ba00000, 0x00000000d5580000)
  object space 452608K, 99% used [0x0000000080000000,0x000000009b9e2ad8,0x000000009ba00000)
 Metaspace       used 76221K, committed 77888K, reserved 1179648K
  class space    used 8009K, committed 8768K, reserved 1048576K
}
Event: 1013.502 GC heap after
{Heap after GC invocations=1239 (full 3):
 PSYoungGen      total 4608K, used 288K [0x00000000d5580000, 0x00000000d5b00000, 0x0000000100000000)
  eden space 4096K, 0% used [0x00000000d5580000,0x00000000d5580000,0x00000000d5980000)
  from space 512K, 56% used [0x00000000d5a80000,0x00000000d5ac8000,0x00000000d5b00000)
  to   space 512K, 0% used [0x00000000d5980000,0x00000000d5980000,0x00000000d5a00000)
 ParOldGen       total 453120K, used 452961K [0x0000000080000000, 0x000000009ba80000, 0x00000000d5580000)
  object space 453120K, 99% used [0x0000000080000000,0x000000009ba58548,0x000000009ba80000)
 Metaspace       used 76221K, committed 77888K, reserved 1179648K
  class space    used 8009K, committed 8768K, reserved 1048576K
}
Event: 1013.606 GC heap before
{Heap before GC invocations=1240 (full 3):
 PSYoungGen      total 4608K, used 4384K [0x00000000d5580000, 0x00000000d5b00000, 0x0000000100000000)
  eden space 4096K, 100% used [0x00000000d5580000,0x00000000d5980000,0x00000000d5980000)
  from space 512K, 56% used [0x00000000d5a80000,0x00000000d5ac8000,0x00000000d5b00000)
  to   space 512K, 0% used [0x00000000d5980000,0x00000000d5980000,0x00000000d5a00000)
 ParOldGen       total 453120K, used 452961K [0x0000000080000000, 0x000000009ba80000, 0x00000000d5580000)
  object space 453120K, 99% used [0x0000000080000000,0x000000009ba58548,0x000000009ba80000)
 Metaspace       used 76222K, committed 77888K, reserved 1179648K
  class space    used 8009K, committed 8768K, reserved 1048576K
}
Event: 1013.609 GC heap after
{Heap after GC invocations=1240 (full 3):
 PSYoungGen      total 4608K, used 160K [0x00000000d5580000, 0x00000000d5b00000, 0x0000000100000000)
  eden space 4096K, 0% used [0x00000000d5580000,0x00000000d5580000,0x00000000d5980000)
  from space 512K, 31% used [0x00000000d5980000,0x00000000d59a8000,0x00000000d5a00000)
  to   space 512K, 0% used [0x00000000d5a80000,0x00000000d5a80000,0x00000000d5b00000)
 ParOldGen       total 453632K, used 453137K [0x0000000080000000, 0x000000009bb00000, 0x00000000d5580000)
  object space 453632K, 99% used [0x0000000080000000,0x000000009ba84548,0x000000009bb00000)
 Metaspace       used 76222K, committed 77888K, reserved 1179648K
  class space    used 8009K, committed 8768K, reserved 1048576K
}

